  Node.cpp
c:\users\максим\documents\visual studio 2017\projects\practice\practice\task1\node.cpp(19): warning C4018: <: несоответствие типов со знаком и без знака
h:\program files (x86)\microsoft visual studio\2017\community\vc\tools\msvc\14.10.25017\include\xmemory0(840): error C2280: "std::unique_ptr<Node,std::default_delete<_Ty>>::unique_ptr(const std::unique_ptr<_Ty,std::default_delete<_Ty>> &)": предпринята попытка ссылки на удаленную функцию
          with
          [
              _Ty=Node
          ]
  h:\program files (x86)\microsoft visual studio\2017\community\vc\tools\msvc\14.10.25017\include\memory(1857): note:  см. объявление "std::unique_ptr<Node,std::default_delete<_Ty>>::unique_ptr"
          with
          [
              _Ty=Node
          ]
  h:\program files (x86)\microsoft visual studio\2017\community\vc\tools\msvc\14.10.25017\include\xmemory0(959): note: см. ссылку на создание экземпляров функции шаблон при компиляции "void std::allocator<_Ty>::construct<_Objty,std::unique_ptr<Node,std::default_delete<Node>>&>(_Objty *,std::unique_ptr<Node,std::default_delete<Node>> &)"
          with
          [
              _Ty=std::unique_ptr<Node,std::default_delete<Node>>,
              _Objty=std::unique_ptr<Node,std::default_delete<Node>>
          ]
  h:\program files (x86)\microsoft visual studio\2017\community\vc\tools\msvc\14.10.25017\include\xmemory0(959): note: см. ссылку на создание экземпляров функции шаблон при компиляции "void std::allocator<_Ty>::construct<_Objty,std::unique_ptr<Node,std::default_delete<Node>>&>(_Objty *,std::unique_ptr<Node,std::default_delete<Node>> &)"
          with
          [
              _Ty=std::unique_ptr<Node,std::default_delete<Node>>,
              _Objty=std::unique_ptr<Node,std::default_delete<Node>>
          ]
  h:\program files (x86)\microsoft visual studio\2017\community\vc\tools\msvc\14.10.25017\include\xmemory0(1097): note: см. ссылку на создание экземпляров функции шаблон при компиляции "void std::allocator_traits<_Alloc>::construct<_Ty,std::unique_ptr<Node,std::default_delete<Node>>&>(std::allocator<_Ty> &,_Objty *,std::unique_ptr<Node,std::default_delete<Node>> &)"
          with
          [
              _Alloc=std::allocator<std::unique_ptr<Node,std::default_delete<Node>>>,
              _Ty=std::unique_ptr<Node,std::default_delete<Node>>,
              _Objty=std::unique_ptr<Node,std::default_delete<Node>>
          ]
  h:\program files (x86)\microsoft visual studio\2017\community\vc\tools\msvc\14.10.25017\include\xmemory0(1096): note: см. ссылку на создание экземпляров функции шаблон при компиляции "void std::allocator_traits<_Alloc>::construct<_Ty,std::unique_ptr<Node,std::default_delete<Node>>&>(std::allocator<_Ty> &,_Objty *,std::unique_ptr<Node,std::default_delete<Node>> &)"
          with
          [
              _Alloc=std::allocator<std::unique_ptr<Node,std::default_delete<Node>>>,
              _Ty=std::unique_ptr<Node,std::default_delete<Node>>,
              _Objty=std::unique_ptr<Node,std::default_delete<Node>>
          ]
  h:\program files (x86)\microsoft visual studio\2017\community\vc\tools\msvc\14.10.25017\include\vector(928): note: см. ссылку на создание экземпляров функции шаблон при компиляции "void std::_Wrap_alloc<std::allocator<_Ty>>::construct<_Ty,std::unique_ptr<Node,std::default_delete<Node>>&>(_Ty *,std::unique_ptr<Node,std::default_delete<Node>> &)"
          with
          [
              _Ty=std::unique_ptr<Node,std::default_delete<Node>>
          ]
  h:\program files (x86)\microsoft visual studio\2017\community\vc\tools\msvc\14.10.25017\include\vector(928): note: см. ссылку на создание экземпляров функции шаблон при компиляции "void std::_Wrap_alloc<std::allocator<_Ty>>::construct<_Ty,std::unique_ptr<Node,std::default_delete<Node>>&>(_Ty *,std::unique_ptr<Node,std::default_delete<Node>> &)"
          with
          [
              _Ty=std::unique_ptr<Node,std::default_delete<Node>>
          ]
  c:\users\максим\documents\visual studio 2017\projects\practice\practice\task1\node.cpp(52): note: см. ссылку на создание экземпляров функции шаблон при компиляции "void std::vector<std::unique_ptr<Node,std::default_delete<_Ty>>,std::allocator<std::unique_ptr<_Ty,std::default_delete<_Ty>>>>::emplace_back<std::unique_ptr<_Ty,std::default_delete<_Ty>>&>(std::unique_ptr<_Ty,std::default_delete<_Ty>> &)"
          with
          [
              _Ty=Node
          ]
  c:\users\максим\documents\visual studio 2017\projects\practice\practice\task1\node.cpp(52): note: см. ссылку на создание экземпляров функции шаблон при компиляции "void std::vector<std::unique_ptr<Node,std::default_delete<_Ty>>,std::allocator<std::unique_ptr<_Ty,std::default_delete<_Ty>>>>::emplace_back<std::unique_ptr<_Ty,std::default_delete<_Ty>>&>(std::unique_ptr<_Ty,std::default_delete<_Ty>> &)"
          with
          [
              _Ty=Node
          ]
  h:\program files (x86)\microsoft visual studio\2017\community\vc\tools\msvc\14.10.25017\include\memory(1857): note: "std::unique_ptr<Node,std::default_delete<_Ty>>::unique_ptr(const std::unique_ptr<_Ty,std::default_delete<_Ty>> &)": функция явно удалена
          with
          [
              _Ty=Node
          ]
  GameTree.cpp
h:\program files (x86)\microsoft visual studio\2017\community\vc\tools\msvc\14.10.25017\include\memory(2054): error C2664: "Node::Node(const Node &)": невозможно преобразовать аргумент 1 из "Node *" в "const Node &"
  h:\program files (x86)\microsoft visual studio\2017\community\vc\tools\msvc\14.10.25017\include\memory(2054): note: Причина: невозможно преобразовать "Node *" в "const Node"
  h:\program files (x86)\microsoft visual studio\2017\community\vc\tools\msvc\14.10.25017\include\memory(2054): note: Ни один конструктор не смог принять исходный тип, либо разрешение перегрузки конструктора неоднозначно
  c:\users\максим\documents\visual studio 2017\projects\practice\practice\task1\gametree.cpp(53): note: см. ссылку на создание экземпляров функции шаблон при компиляции "std::unique_ptr<Node,std::default_delete<_Ty>> std::make_unique<Node,Node*&>(Node *&)"
          with
          [
              _Ty=Node
          ]
  Создание кода...
